<?xml version="1.0" encoding="UTF-8"?>
<testsuites name="New Test Suite-7" time="0.712" tests="1" failures="0" errors="0">
   <testsuite name="New Test Suite-7" tests="1" failures="0" errors="0" time="0.712" skipped="0" timestamp="2023-12-03 10:15:38" hostname="balun - LAPTOP-2POF4N3B" id="Test Suites/New Test Suite-7">
      <properties>
         <property name="deviceName" value=""/>
         <property name="devicePlatform" value=""/>
         <property name="logFolder" value="C:\\Users\\balun\\Katalon Studio\\My First Project-1\\Reports\\20231203_101528\\New Test Suite-7\\20231203_101528"/>
         <property name="logFiles" value="C:\\Users\\balun\\Katalon Studio\\My First Project-1\\Reports\\20231203_101528\\New Test Suite-7\\20231203_101528\\execution0.log"/>
         <property name="attachments" value=""/>
         <property name="hostName" value="balun - LAPTOP-2POF4N3B"/>
         <property name="hostAddress" value="192.168.7.65"/>
         <property name="os" value="Windows 11 64bit"/>
         <property name="katalonVersion" value="9.0.0.212"/>
      </properties>
      <testcase name="Test Cases/New Test Case-7" time="0.366" classname="Test Cases/New Test Case-7" status="PASSED">
         <system-out><![CDATA[2023-12-03 10:15:38 - [TEST_CASE][PASSED] - Test Cases/New Test Case-7: Test Cases/New Test Case-7

2023-12-03 10:15:39 - [TEST_STEP][PASSED] - return null: null]]></system-out>
         <system-err><![CDATA[]]></system-err>
      </testcase>
      <system-out><![CDATA[2023-12-03 10:15:38 - [TEST_SUITE][PASSED] - New Test Suite-7: Test Cases/New Test Case-7]]></system-out>
      <system-err><![CDATA[]]></system-err>
   </testsuite>
</testsuites>
