<?xml version="1.0" encoding="UTF-8"?>
<testsuites name="New Test Suite-5" time="0.703" tests="2" failures="0" errors="0">
   <testsuite name="New Test Suite-5" tests="2" failures="0" errors="0" time="0.703" skipped="0" timestamp="2023-12-02 14:26:33" hostname="balun - LAPTOP-2POF4N3B" id="Test Suites/New Test Suite-5">
      <properties>
         <property name="deviceName" value=""/>
         <property name="devicePlatform" value=""/>
         <property name="logFolder" value="C:\\Users\\balun\\Katalon Studio\\My First Project-1\\Reports\\20231202_142621\\New Test Suite-5\\20231202_142621"/>
         <property name="logFiles" value="C:\\Users\\balun\\Katalon Studio\\My First Project-1\\Reports\\20231202_142621\\New Test Suite-5\\20231202_142621\\execution0.log"/>
         <property name="attachments" value=""/>
         <property name="hostName" value="balun - LAPTOP-2POF4N3B"/>
         <property name="hostAddress" value="192.168.43.156"/>
         <property name="os" value="Windows 11 64bit"/>
         <property name="katalonVersion" value="9.0.0.212"/>
      </properties>
      <testcase name="Test Cases/New Test Case-5" time="0.356" classname="Test Cases/New Test Case-5" status="PASSED">
         <system-out><![CDATA[2023-12-02 14:26:33 - [TEST_CASE][PASSED] - Test Cases/New Test Case-5: Test Cases/New Test Case-5

2023-12-02 14:26:33 - [TEST_STEP][PASSED] - return null: null]]></system-out>
         <system-err><![CDATA[]]></system-err>
      </testcase>
      <testcase name="Test Cases/New Test Case-5" time="0.027" classname="Test Cases/New Test Case-5" status="PASSED">
         <system-out><![CDATA[2023-12-02 14:26:33 - [TEST_CASE][PASSED] - Test Cases/New Test Case-5: Test Cases/New Test Case-5

2023-12-02 14:26:33 - [TEST_STEP][PASSED] - return null: null]]></system-out>
         <system-err><![CDATA[]]></system-err>
      </testcase>
      <system-out><![CDATA[2023-12-02 14:26:33 - [TEST_SUITE][PASSED] - New Test Suite-5: Test Cases/New Test Case-5]]></system-out>
      <system-err><![CDATA[]]></system-err>
   </testsuite>
</testsuites>
